  Running VPC CRC Check - server_swarm.vpc
  stdafx.cpp
  achievement_saverestore.cpp
  achievementmgr.cpp
  activitylist.cpp
  ai_activity.cpp
  ai_addon.cpp
  ai_agent.cpp
  ai_baseactor.cpp
  ai_basehumanoid.cpp
  ai_basenpc.cpp
  ai_basenpc_flyer.cpp
  ai_basenpc_flyer_new.cpp
  ai_basenpc_movement.cpp
  ai_basenpc_physicsflyer.cpp
  ai_basenpc_schedule.cpp
  ai_basenpc_squad.cpp
  ai_behavior.cpp
  ai_behavior_assault.cpp
  ai_behavior_fear.cpp
  ai_behavior_fightfromcover.cpp
  ai_behavior_follow.cpp
  ai_behavior_lead.cpp
  ai_behavior_rappel.cpp
  ai_behavior_standoff.cpp
  ai_blended_movement.cpp
  ai_concommands.cpp
  ai_condition.cpp
  ai_criteria.cpp
  ai_default.cpp
  ai_dynamiclink.cpp
  ai_event.cpp
  ai_expresserfollowup.cpp
  ai_goalentity.cpp
  ai_hint.cpp
  ai_hull.cpp
  ai_initutils.cpp
  AI_Interest_Target.cpp
  ai_link.cpp
  ai_localnavigator.cpp
  ai_looktarget.cpp
  ai_memory.cpp
  ai_motor.cpp
  ai_moveprobe.cpp
  ai_moveshoot.cpp
  ai_movesolver.cpp
  ai_namespaces.cpp
  ai_navigator.cpp
  ai_network.cpp
  ai_networkmanager.cpp
  ai_node.cpp
  ai_pathfinder.cpp
  ai_planesolver.cpp
  ai_playerally.cpp
  ai_responsesystem.cpp
  ai_route.cpp
  ai_saverestore.cpp
  ai_schedule.cpp
CL : warning : find some way to prevent AI from using network before it's ready, but allowing the TestHull to still instantiate.
  ai_scriptconditions.cpp
  ai_senses.cpp
  ai_sentence.cpp
  ai_speech.cpp
  ai_speechconcept.cpp
  ai_speechfilter.cpp
  ai_speechqueue.cpp
  ai_squad.cpp
  ai_squadslot.cpp
  ai_tacticalservices.cpp
  ai_task.cpp
  ai_trackpather.cpp
  ai_utils.cpp
  ai_waypoint.cpp
  ambientgeneric.cpp
  ammodef.cpp
  animation.cpp
  base_playeranimstate.cpp
  base_transmit_proxy.cpp
  baseachievement.cpp
  baseanimating.cpp
  BaseAnimatingOverlay.cpp
  basecombatcharacter.cpp
  basecombatcharacter_shared.cpp
  basecombatweapon.cpp
  basecombatweapon_shared.cpp
  baseentity.cpp
  baseentity_shared.cpp
  baseflex.cpp
  basegrenade_shared.cpp
  basemultiplayerplayer.cpp
  baseparticleentity.cpp
  baseplayer_shared.cpp
  baseviewmodel.cpp
  baseviewmodel_shared.cpp
  beam_shared.cpp
  beamspotlight.cpp
  bitstring.cpp
  bmodels.cpp
  bonelist.cpp
  buttons.cpp
  cbase.cpp
  cbaseprojectile.cpp
  client.cpp
  coerciblevariant_t.cpp
  collisionproperty.cpp
  colorcorrection.cpp
  colorcorrectionvolume.cpp
  CommentarySystem.cpp
  controlentities.cpp
  cplane.cpp
  CRagdollMagnet.cpp
  cvisibilitymonitor.cpp
  damagemodifier.cpp
  death_pose.cpp
  debugoverlay_shared.cpp
  decals.cpp
  doors.cpp
  dynamiclight.cpp
  effect_dispatch_data.cpp
  effects.cpp
  EffectsServer.cpp
  ehandle.cpp
  entityblocker.cpp
  EntityDissolve.cpp
  EntityFlame.cpp
  EntityFreezing.cpp
  entitylist.cpp
  entitylist_base.cpp
  EntityParticleTrail.cpp
  EntityParticleTrail_Shared.cpp
  env_ambient_light.cpp
  env_debughistory.cpp
  env_detail_controller.cpp
  env_dof_controller.cpp
  env_effectsscript.cpp
  env_entity_maker.cpp
  env_global_light.cpp
  env_instructor_hint.cpp
  env_particlescript.cpp
  env_player_surface_trigger.cpp
  env_projectedtexture.cpp
  env_screenoverlay.cpp
  env_texturetoggle.cpp
  env_tonemap_controller.cpp
  env_wind_shared.cpp
  env_zoom.cpp
  EnvBeam.cpp
  EnvFade.cpp
  EnvHudHint.cpp
  EnvLaser.cpp
  EnvMessage.cpp
  envmicrophone.cpp
  EnvShake.cpp
  EnvSpark.cpp
  eventlist.cpp
  EventLog.cpp
  explode.cpp
  filters.cpp
  fire_smoke.cpp
  fish.cpp
  flex_expresser.cpp
  fogcontroller.cpp
  fogvolume.cpp
  foundryhelpers_server.cpp
  fourwheelvehiclephysics.cpp
  func_areaportal.cpp
  func_areaportalbase.cpp
  func_areaportalwindow.cpp
  func_break.cpp
  func_breakablesurf.cpp
  func_dust.cpp
  func_instance_io_proxy.cpp
  func_ladder.cpp
  func_ladder_endpoint.cpp
  func_lod.cpp
  func_movelinear.cpp
  func_occluder.cpp
  func_reflective_glass.cpp
  func_smokevolume.cpp
  game.cpp
  game_timescale_shared.cpp
  game_ui.cpp
  gameinterface.cpp
  gamemovement.cpp
  gamerules.cpp
  gamerules_register.cpp
  GameStats.cpp
  gamestringpool.cpp
  gametrace_dll.cpp
  gamevars_shared.cpp
  gameweaponmanager.cpp
  genericactor.cpp
  genericmonster.cpp
  gib.cpp
  global_event_log.cpp
  globals.cpp
  globalstate.cpp
  guntarget.cpp
  h_ai.cpp
  hierarchy.cpp
  hintmessage.cpp
  hintsystem.cpp
  hltvdirector.cpp
  igamesystem.cpp
  info_camera_link.cpp
  info_overlay_accessor.cpp
  inforemarkable.cpp
  intermission.cpp
  item_world.cpp
  lightglow.cpp
  lights.cpp
  logic_measure_movement.cpp
  logic_navigation.cpp
  logic_playerproxy.cpp
  logic_playmovie.cpp
  logic_random_outputs.cpp
  logicauto.cpp
  logicentities.cpp
  logicrelay.cpp
  mapentities.cpp
  mapentities_shared.cpp
  maprules.cpp
  MaterialModifyControl.cpp
  message_entity.cpp
  modelentities.cpp
  ModelSoundsCache.cpp
  movehelper_server.cpp
  movement.cpp
  movevars_shared.cpp
  movie_display.cpp
  mp_shareddefs.cpp
  multiplay_gamerules.cpp
  ndebugoverlay.cpp
  npc_vehicledriver.cpp
  obstacle_pushaway.cpp
  particle_light.cpp
  particle_parse.cpp
  particle_system.cpp
  particlesystemquery.cpp
  pathcorner.cpp
  pathtrack.cpp
  phys_controller.cpp
  physconstraint.cpp
  physics.cpp
  physics_bone_follower.cpp
  physics_cannister.cpp
  physics_fx.cpp
  physics_impact_damage.cpp
  physics_main.cpp
  physics_main_shared.cpp
  physics_npc_solver.cpp
  physics_prop_ragdoll.cpp
  physics_prop_statue.cpp
  physics_saverestore.cpp
  physics_shared.cpp
  physobj.cpp
  player.cpp
  player_command.cpp
  player_lagcompensation.cpp
  player_pickup.cpp
  player_resource.cpp
  player_voice_listener.cpp
  playerinfomanager.cpp
  playerlocaldata.cpp
  plugin_check.cpp
  point_bonusmaps_accessor.cpp
  point_camera.cpp
  point_devshot_camera.cpp
  point_entity_finder.cpp
  point_event_proxy.cpp
  point_playermoveconstraint.cpp
  point_posecontroller.cpp
  point_spotlight.cpp
  point_template.cpp
  pointanglesensor.cpp
  PointAngularVelocitySensor.cpp
  pointhurt.cpp
  pointteleport.cpp
  postprocesscontroller.cpp
  precache_register.cpp
  predictableid.cpp
  prop_hallucination.cpp
  props.cpp
  props_shared.cpp
  querycache.cpp
  ragdoll_manager.cpp
  ragdoll_shared.cpp
  RagdollBoogie.cpp
  recipientfilter.cpp
  replaydirector.cpp
  rope.cpp
  rope_helpers.cpp
  saverestore.cpp
  SceneCache.cpp
  sceneentity.cpp
  sceneentity_shared.cpp
  scratchpad_gamedll_helpers.cpp
  scripted.cpp
  scriptedtarget.cpp
  sendproxy.cpp
  sequence_Transitioner.cpp
  serverbenchmark_base.cpp
  ServerNetworkProperty.cpp
  shadowcontrol.cpp
  simtimer.cpp
  singleplay_gamerules.cpp
  skyboxswapper.cpp
  SkyCamera.cpp
  slideshow_display.cpp
  sound.cpp
  SoundEmitterSystem.cpp
  soundent.cpp
  soundenvelope.cpp
  SoundParametersInternal.cpp
  soundscape.cpp
  soundscape_system.cpp
  spatialentity.cpp
  spotlightend.cpp
  Sprite.cpp
  sprite_perfmonitor.cpp
  steamworks_gamestats.cpp
  studio_shared.cpp
  subs.cpp
  sun.cpp
  sunlightshadowcontrol.cpp
  takedamageinfo.cpp
  tanktrain.cpp
  team.cpp
  teamplay_gamerules.cpp
  TemplateEntities.cpp
  tempmonster.cpp
  tesla.cpp
  test_ehandle.cpp
  test_proxytoggle.cpp
  test_stressentities.cpp
  testfunctions.cpp
  testtraceline.cpp
  textstatsmgr.cpp
  timedeventmgr.cpp
  trains.cpp
  triggers.cpp
  usercmd.cpp
  util.cpp
  util_shared.cpp
  variant_t.cpp
  vehicle_base.cpp
  vehicle_baseserver.cpp
  vehicle_viewblend_shared.cpp
  vgui_gamedll_int.cpp
  vguiscreen.cpp
  voice_gamemgr.cpp
  vscript_server.cpp
  vscript_shared.cpp
  waterbullet.cpp
  WaterLODControl.cpp
  wcedit.cpp
  weapon_parse.cpp
  weapon_proficiency.cpp
  weight_button.cpp
  world.cpp
  ai_behavior_actbusy.cpp
  ai_spotlight.cpp
  antlion_dust.cpp
  ar2_explosion.cpp
  cbasehelicopter.cpp
  cbasespriteprojectile.cpp
  env_speaker.cpp
  hl2_eventlog.cpp
  look_door.cpp
  monster_dummy.cpp
  npc_attackchopper.cpp
  npc_bullseye.cpp
  npc_combinegunship.cpp
  npc_enemyfinder.cpp
  rotorwash.cpp
  nav_area.cpp
  nav_colors.cpp
  nav_edit.cpp
  nav_entities.cpp
  nav_file.cpp
  nav_generate.cpp
  nav_ladder.cpp
  nav_merge.cpp
  nav_mesh.cpp
  nav_mesh_factory.cpp
  nav_node.cpp
  nav_simplify.cpp
  asw_ai_behavior.cpp
  asw_ai_behavior_advance.cpp
  asw_ai_behavior_backoff.cpp
  asw_ai_behavior_charge.cpp
  asw_ai_behavior_chase_enemy.cpp
  asw_ai_behavior_combat_stun.cpp
  asw_ai_behavior_explode.cpp
  asw_ai_behavior_fear.cpp
  asw_ai_behavior_flick.cpp
  asw_ai_behavior_flinch.cpp
  asw_ai_behavior_heal_other.cpp
  asw_ai_behavior_idle.cpp
  asw_ai_behavior_jump.cpp
  asw_ai_behavior_melee.cpp
  asw_ai_behavior_mortar.cpp
  asw_ai_behavior_pounce.cpp
  asw_ai_behavior_prepare_to_engage.cpp
  asw_ai_behavior_ranged_attack.cpp
  asw_ai_behavior_retreat.cpp
  asw_ai_behavior_scuttle.cpp
  asw_ai_behavior_shield.cpp
  asw_ai_behavior_sleep.cpp
  asw_ai_behavior_wander.cpp
  asw_ai_senses.cpp
  asw_alien.cpp
  asw_alien_jumper.cpp
  asw_alien_shover.cpp
  asw_ambientgeneric.cpp
  asw_ammo.cpp
  asw_ammo_drop.cpp
  asw_aoegrenade_projectile.cpp
  asw_arena.cpp
  asw_bait.cpp
  asw_barrel_explosive.cpp
  asw_barrel_radioactive.cpp
  asw_base_spawner.cpp
  asw_bloodhound.cpp
  asw_boomer.cpp
  asw_boomer_blob.cpp
  asw_broadcast_camera.cpp
  asw_buffgrenade_projectile.cpp
  asw_burning.cpp
  asw_button_area.cpp
  asw_buzzer.cpp
  asw_campaign_save.cpp
  asw_client.cpp
  asw_client_corpse.cpp
  asw_clientside_dummies.cpp
  asw_colonist.cpp
  asw_computer_area.cpp
  asw_concommands.cpp
  asw_debrief_info.cpp
  asw_debrief_stats.cpp
  asw_director.cpp
  asw_director_control.cpp
  asw_director_intensity.cpp
  asw_door.cpp
  asw_door_area.cpp
  asw_door_padding.cpp
  asw_drone_advanced.cpp
  asw_drone_movement.cpp
  asw_drone_navigator.cpp
  asw_drone_uber.cpp
  asw_dummy_vehicle.cpp
  asw_dynamic_light.cpp
  asw_egg.cpp
  asw_entity_dissolve.cpp
  asw_entityflame.cpp
  asw_env_explosion.cpp
  asw_env_shake.cpp
  asw_env_slomo.cpp
  asw_extinguisher_projectile.cpp
  asw_fail_advice.cpp
  asw_fire.cpp
  asw_firewall_piece.cpp
  asw_flamer_projectile.cpp
  asw_flare_projectile.cpp
  asw_game_resource.cpp
  asw_gameinterface.cpp
  asw_gamestats.cpp
  asw_generic_emitter_entity.cpp
  asw_grenade_cluster.cpp
  asw_grenade_freeze.cpp
  asw_grenade_prifle.cpp
  asw_grenade_vindicator.cpp
  asw_grub.cpp
  asw_hack.cpp
  asw_hack_computer.cpp
  asw_hack_wire_tile.cpp
  asw_harvester.cpp
  asw_holdout_spawner.cpp
  asw_holoscan.cpp
  asw_intro_control.cpp
  asw_jeep.cpp
  asw_jukebox.cpp
  asw_jump_trigger.cpp
  asw_lag_compensation.cpp
  asw_laser_mine.cpp
  asw_map_reset_filter.cpp
  asw_map_scores.cpp
  asw_marine.cpp
  asw_marine_hint.cpp
  asw_marine_resource.cpp
  asw_marine_schedule.cpp
  asw_marine_speech.cpp
  asw_marker.cpp
  asw_medals.cpp
  asw_mine.cpp
  asw_mission_manager.cpp
  asw_mortar_round.cpp
  asw_mortarbug.cpp
  asw_objective.cpp
  asw_objective_countdown.cpp
  asw_objective_dummy.cpp
  asw_objective_escape.cpp
  asw_objective_kill_aliens.cpp
  asw_objective_kill_eggs.cpp
  asw_objective_kill_goo.cpp
  asw_objective_kill_queen.cpp
  asw_objective_survive.cpp
  asw_objective_triggered.cpp
  asw_order_nearby_aliens.cpp
  asw_parasite.cpp
  asw_path_utils.cpp
  asw_physics_prop_statue.cpp
  asw_pickup.cpp
  asw_pickup_equipment.cpp
  asw_pickup_money.cpp
  asw_pickup_weapon.cpp
  asw_player.cpp
  asw_playerlocaldata.cpp
  asw_playermove.cpp
  asw_point_camera.cpp
  asw_prop_dynamic.cpp
  asw_prop_physics.cpp
  asw_queen.cpp
  asw_queen_retreat_spot.cpp
  asw_queen_spit.cpp
  asw_radiation_volume.cpp
  asw_ranger.cpp
  asw_rifle_grenade.cpp
  asw_rocket.cpp
  asw_scanner_info.cpp
  asw_sentry_base.cpp
  asw_sentry_top.cpp
  asw_sentry_top_cannon.cpp
  asw_sentry_top_flamer.cpp
  asw_sentry_top_icer.cpp
  TODO: straighten out this math
  asw_sentry_top_machinegun.cpp
  asw_shaman.cpp
  asw_shieldbug.cpp
  asw_shotgun_pellet.cpp
  asw_simple_alien.cpp
  TODO: make SIMD
  asw_simple_alien_shared_data.cpp
  asw_simple_drone.cpp
  asw_simple_grub.cpp
  asw_spawn_group.cpp
  asw_spawn_manager.cpp
  asw_spawner.cpp
  asw_squadformation.cpp
  asw_t75.cpp
  asw_tech_marine_req.cpp
  asw_tesla_trap.cpp
  asw_trace_filter_door_crush.cpp
  asw_trace_filter_doors.cpp
  asw_trigger_fall.cpp
  asw_triggers.cpp
  asw_tutorial_spawning.cpp
  asw_use_area.cpp
  asw_voting_missions.cpp
  asw_vphysics_npc.cpp
  asw_wc_edit.cpp
  asw_weapon.cpp
  asw_weapon_rifle.cpp
  asw_achievements.cpp
  asw_alien_goo_shared.cpp
  asw_alien_shared.cpp
  asw_ammo_drop_shared.cpp
  asw_bouncing_pellet_shared.cpp
  asw_campaign_commands.cpp
  asw_campaign_info.cpp
  asw_campaign_save_shared.cpp
  asw_env_spark.cpp
  asw_equip_req.cpp
  asw_equipment_list.cpp
  asw_fx_shared.cpp
  asw_game_resource_shared.cpp
  asw_gamemovement.cpp
  asw_gamerules.cpp
  asw_gamestats_shared.cpp
  asw_hack_computer_shared.cpp
  asw_hack_wire_tile_shared.cpp
  asw_health_bar_shared.cpp
  asw_holdout_mode.cpp
  asw_holdout_wave.cpp
  asw_holo_sentry_shared.cpp
  asw_info_message_shared.cpp
  asw_laser_mine_shared.cpp
  asw_marine_command.cpp
  asw_marine_gamemovement.cpp
  asw_marine_profile.cpp
  asw_marine_shared.cpp
  asw_marine_skills.cpp
  asw_melee_system.cpp
  asw_missile_round_shared.cpp
  asw_mortarbug_shell_shared.cpp
  asw_pickup_shared.cpp
  asw_player_experience.cpp
  asw_player_shared.cpp
  asw_playeranimstate.cpp
  asw_powerup_shared.cpp
  asw_prop_laserable_shared.cpp
  asw_queen_divers_shared.cpp
  asw_queen_grabber_shared.cpp
  asw_remote_turret_shared.cpp
  asw_scanner_objects_enumerator.cpp
  asw_shareddefs.cpp
  asw_shieldbug_shared.cpp
  asw_shotgun_pellet_predicted_shared.cpp
  asw_target_dummy_shared.cpp
  asw_trace_filter_melee.cpp
  asw_trace_filter_shot.cpp
  asw_usableobjectsenumerator.cpp
  asw_usermessages.cpp
  asw_util_shared.cpp
  asw_weapon_ammo_bag_shared.cpp
  asw_weapon_ammo_satchel_shared.cpp
  asw_weapon_assault_shotgun_shared.cpp
  asw_weapon_autogun_shared.cpp
  asw_weapon_bait.cpp
  asw_weapon_blink.cpp
  asw_weapon_buff_grenade.cpp
  asw_weapon_chainsaw_shared.cpp
  asw_weapon_electrified_armor.cpp
  asw_weapon_fire_extinguisher_shared.cpp
  asw_weapon_fist.cpp
  asw_weapon_flamer_shared.cpp
  asw_weapon_flares_shared.cpp
  asw_weapon_flashlight_shared.cpp
  asw_weapon_flechette_shared.cpp
  asw_weapon_freeze_grenades.cpp
  asw_weapon_grenade_launcher.cpp
  asw_weapon_grenades.cpp
  asw_weapon_heal_gun_shared.cpp
  asw_weapon_healgrenade_shared.cpp
  asw_weapon_hornet_barrage.cpp
  asw_weapon_jump_jet.cpp
  asw_weapon_laser_mines.cpp
  asw_weapon_medical_satchel_shared.cpp
  asw_weapon_medkit_shared.cpp
  asw_weapon_mines_shared.cpp
  asw_weapon_minigun.cpp
  asw_weapon_mining_laser_shared.cpp
  asw_weapon_night_vision.cpp
  asw_weapon_normal_armor.cpp
  asw_weapon_parse.cpp
  asw_weapon_pdw_shared.cpp
  asw_weapon_pistol_shared.cpp
  asw_weapon_prifle_shared.cpp
  asw_weapon_railgun_shared.cpp
  asw_weapon_ricochet_shared.cpp
  asw_weapon_sentry_shared.cpp
  asw_weapon_shared.cpp
  asw_weapon_shotgun_shared.cpp
  asw_weapon_smart_bomb.cpp
  asw_weapon_sniper_rifle.cpp
  asw_weapon_stim_shared.cpp
  asw_weapon_t75.cpp
  asw_weapon_tesla_gun_shared.cpp
  asw_weapon_tesla_trap.cpp
  asw_weapon_welder_shared.cpp
  basetempentity.cpp
  event_tempentity_tester.cpp
  movie_explosion.cpp
  particle_fire.cpp
  particle_smokegrenade.cpp
  plasma.cpp
  smoke_trail.cpp
  smokestack.cpp
  SpriteTrail.cpp
  steamjet.cpp
  te.cpp
  te_armorricochet.cpp
  te_basebeam.cpp
  te_beamentpoint.cpp
  te_beaments.cpp
  te_beamfollow.cpp
  te_beamlaser.cpp
  te_beampoints.cpp
  te_beamring.cpp
  te_beamringpoint.cpp
  te_beamspline.cpp
  te_bloodsprite.cpp
  te_bloodstream.cpp
  te_breakmodel.cpp
  te_bspdecal.cpp
  te_bubbles.cpp
  te_bubbletrail.cpp
  te_clientprojectile.cpp
  te_decal.cpp
  te_dynamiclight.cpp
  te_effect_dispatch.cpp
  te_energysplash.cpp
  te_explosion.cpp
  te_fizz.cpp
  te_footprintdecal.cpp
  te_gaussexplosion.cpp
  te_glassshatter.cpp
  te_glowsprite.cpp
  te_impact.cpp
  te_killplayerattachments.cpp
  te_largefunnel.cpp
  te_muzzleflash.cpp
  te_particlesystem.cpp
  te_physicsprop.cpp
  te_playerdecal.cpp
  te_projecteddecal.cpp
  te_showline.cpp
  te_smoke.cpp
  te_sparks.cpp
  te_sprite.cpp
  te_spritespray.cpp
  te_worlddecal.cpp
  usermessages.cpp
  entity_tools_server.cpp
  toolframework_server.cpp
  closedcaptions.cpp
  collisionutils.cpp
  compiledcaptionswap.cpp
  debug_dll_check.cpp
  dt_send.cpp
  dt_utlvector_common.cpp
  dt_utlvector_send.cpp
  editor_sendcommand.cpp
  filesystem_helpers.cpp
  gamehandle.cpp
  GameStats_BasicStatsFunctions.cpp
  h_export.cpp
  init_factory.cpp
  interpolatortypes.cpp
  keyframe.cpp
  language.cpp
  map_utils.cpp
  memoverride.cpp
  networkvar.cpp
  randoverride.cpp
  registry.cpp
  rope_physics.cpp
  scratchpad3d.cpp
  ScratchPadUtils.cpp
  server_class.cpp
  sheetsimulator.cpp
  simple_physics.cpp
  stringregistry.cpp
  studio.cpp
  vgui_controls.cpp
     Creating library .\Debug_mod_swarm\server.lib and object .\Debug_mod_swarm\server.exp
  server_swarm.vcxproj -> D:\GitHub\better_swarm_sdk\src\game\server\.\Debug_mod_swarm\server.dll
          1 file(s) copied.
          1 file(s) copied.
