  achievement_notification_panel.cpp
  achievementmgr.cpp
  baseachievement.cpp
  c_baselesson.cpp
  cdll_client_int.cpp
  clientmode_shared.cpp
  vgui_avatarimage.cpp
  ClientScoreBoardDialog.cpp
  asw_briefing.cpp
  asw_in_camera.cpp
  asw_in_main.cpp
  asw_in_mouse.cpp
  asw_input.cpp
  asw_marineandobjectenumerator.cpp
  asw_medal_store.cpp
  asw_prediction.cpp
  asw_view_scene.cpp
  c_asw_alien.cpp
  c_asw_ammo_drop.cpp
  c_asw_aoegrenade_projectile.cpp
  c_asw_button_area.cpp
  c_asw_buzzer.cpp
  c_asw_clientragdoll.cpp
  c_asw_computer_area.cpp
  c_asw_concommands.cpp
  c_asw_debrief_stats.cpp
  c_asw_dummy_vehicle.cpp
  c_asw_egg.cpp
  c_asw_game_resource.cpp
  c_asw_hack.cpp
  c_asw_hack_computer.cpp
  c_asw_hack_wire_tile.cpp
  c_asw_jeep.cpp
  c_asw_jeep_clientside.cpp
  c_asw_lesson.cpp
  c_asw_marine.cpp
  c_asw_marine_resource.cpp
  c_asw_marine_speech.cpp
  c_asw_pickup.cpp
  c_asw_pickup_weapon.cpp
  c_asw_player.cpp
  c_asw_scanner_info.cpp
  c_asw_sentry_base.cpp
  c_asw_simple_alien.cpp
  c_asw_snow_volume.cpp
  c_asw_steamstats.cpp
  c_asw_weapon.cpp
  c_asw_weapon_rifle.cpp
  clientmode_asw.cpp
  asw_achievements.cpp
  asw_alien_shared.cpp
  asw_equip_req.cpp
  asw_game_resource_shared.cpp
  asw_gamerules.cpp
  asw_hack_computer_shared.cpp
  asw_hack_wire_tile_shared.cpp
  asw_holo_sentry_shared.cpp
  asw_marine_gamemovement.cpp
  asw_marine_shared.cpp
  asw_marine_skills.cpp
  asw_melee_system.cpp
  asw_pickup_shared.cpp
  asw_player_experience.cpp
  asw_player_shared.cpp
  asw_playeranimstate.cpp
  asw_powerup_shared.cpp
  asw_remote_turret_shared.cpp
  asw_shareddefs.cpp
  asw_usableobjectsenumerator.cpp
  asw_util_shared.cpp
  asw_weapon_ammo_bag_shared.cpp
  asw_weapon_ammo_satchel_shared.cpp
  asw_weapon_assault_shotgun_shared.cpp
  asw_weapon_autogun_shared.cpp
  asw_weapon_bait.cpp
  asw_weapon_blink.cpp
  asw_weapon_buff_grenade.cpp
  asw_weapon_chainsaw_shared.cpp
  asw_weapon_electrified_armor.cpp
  asw_weapon_fire_extinguisher_shared.cpp
  asw_weapon_fist.cpp
  asw_weapon_flamer_shared.cpp
  asw_weapon_flares_shared.cpp
  asw_weapon_flashlight_shared.cpp
  asw_weapon_flechette_shared.cpp
  asw_weapon_freeze_grenades.cpp
  asw_weapon_grenade_launcher.cpp
  asw_weapon_grenades.cpp
  asw_weapon_heal_gun_shared.cpp
  asw_weapon_healgrenade_shared.cpp
  asw_weapon_hornet_barrage.cpp
  asw_weapon_jump_jet.cpp
  asw_weapon_laser_mines.cpp
  asw_weapon_medical_satchel_shared.cpp
  asw_weapon_medkit_shared.cpp
  asw_weapon_mines_shared.cpp
  asw_weapon_minigun.cpp
  asw_weapon_mining_laser_shared.cpp
  asw_weapon_night_vision.cpp
  asw_weapon_normal_armor.cpp
  asw_weapon_pdw_shared.cpp
  asw_weapon_pistol_shared.cpp
  asw_weapon_prifle_shared.cpp
  asw_weapon_railgun_shared.cpp
  asw_weapon_ricochet_shared.cpp
  asw_weapon_sentry_shared.cpp
  asw_weapon_shared.cpp
  asw_weapon_shotgun_shared.cpp
  asw_weapon_smart_bomb.cpp
  asw_weapon_sniper_rifle.cpp
  asw_weapon_stim_shared.cpp
  asw_weapon_t75.cpp
  asw_weapon_tesla_gun_shared.cpp
  asw_weapon_tesla_trap.cpp
  asw_weapon_welder_shared.cpp
  asw_circularprogressbar.cpp
  asw_hud_3dmarinenames.cpp
  asw_hud_ammo.cpp
  asw_hud_crosshair.cpp
  asw_hud_damageindicator.cpp
  asw_hud_emotes.cpp
  asw_hud_health.cpp
  asw_hud_health_cross.cpp
  asw_hud_marine_portrait.cpp
  asw_hud_master.cpp
  asw_hud_minimap.cpp
  asw_hud_objective.cpp
  asw_hud_overlay_messages.cpp
  asw_hud_portraits.cpp
  asw_hud_powerups.cpp
  asw_hud_squad_hotbar.cpp
  asw_hud_use_area.cpp
  asw_hud_use_icon.cpp
  asw_hud_weapons.cpp
  asw_hudelement.cpp
  asw_vgui_ammo_list.cpp
  asw_vgui_computer_camera.cpp
  asw_vgui_computer_download_docs.cpp
  asw_vgui_computer_frame.cpp
  asw_vgui_computer_mail.cpp
  asw_vgui_computer_menu.cpp
  asw_vgui_computer_news.cpp
  asw_vgui_computer_plant.cpp
  asw_vgui_computer_splash.cpp
  asw_vgui_computer_stocks.cpp
  asw_vgui_computer_tumbler_hack.cpp
  asw_vgui_computer_weather.cpp
  asw_vgui_countdown.cpp
  asw_vgui_debug_panel.cpp
  asw_vgui_door_tooltip.cpp
  asw_vgui_fast_reload.cpp
  asw_vgui_frame.cpp
  asw_vgui_hack_wire_tile.cpp
  asw_vgui_info_message.cpp
  asw_vgui_marine_ammo_report.cpp
  asw_vgui_stylin_cam.cpp
  briefingframe.cpp
  briefingimagepanel.cpp
  campaignmaplocation.cpp
  campaignpanel.cpp
  experience_bar.cpp
  experience_report.cpp
  experience_stat_line.cpp
  medalarea.cpp
  medalcollectionpanel.cpp
  medalpanel.cpp
  missioncompletepanel.cpp
  missioncompletestatsline.cpp
  missionstatspanel.cpp
  nb_promotion_panel.cpp
  nb_vote_panel.cpp
  objectivedetailspanel.cpp
  objectiveicons.cpp
  objectivelistbox.cpp
  objectivemap.cpp
  objectivetitlepanel.cpp
  playerlistline.cpp
  playerlistpanel.cpp
  restartmissionbutton.cpp
  returncampaignmapbutton.cpp
  squad_inventory_panel.cpp
  stat_graph_player.cpp
  stats_report.cpp
  techmarinefailpanel.cpp
  weapon_unlock_panel.cpp
  nb_commander_list_entry.cpp
  nb_lobby_row.cpp
  nb_lobby_row_small.cpp
  nb_main_panel.cpp
  nb_mission_options.cpp
  nb_mission_panel.cpp
  nb_skill_panel.cpp
  nb_suggest_difficulty.cpp
  nb_weapon_detail.cpp
  nb_weapon_unlocked.cpp
  c_effects.cpp
  client_class.cpp
  closedcaptions.cpp
  collisionutils.cpp
  compiledcaptionswap.cpp
  crtmemdebug.cpp
  debug_dll_check.cpp
  dt_recv.cpp
  dt_utlvector_common.cpp
  dt_utlvector_recv.cpp
  filesystem_helpers.cpp
  hud_lcd.cpp
  in_mouse.cpp
  in_trackir.cpp
  interpolatortypes.cpp
  jigglebones.cpp
  language.cpp
  memoverride.cpp
  networkvar.cpp
  phonemeconverter.cpp
  posedebugger.cpp
  randoverride.cpp
  rendertexture.cpp
  rope_physics.cpp
  scratchpad3d.cpp
  ScratchPadUtils.cpp
  sentence.cpp
  sheetsimulator.cpp
  simple_physics.cpp
  stringregistry.cpp
  studio.cpp
  vallocator.cpp
  vgui_controls.cpp
  backgroundmenubutton.cpp
  basesavegamedialog.cpp
  bitmapimagepanel.cpp
  commandcheckbutton.cpp
  contentcontroldialog.cpp
  createmultiplayergamebotpage.cpp
  createmultiplayergamedialog.cpp
  createmultiplayergamegameplaypage.cpp
  createmultiplayergameserverpage.cpp
  customtabexplanationdialog.cpp
  cvarnegatecheckbutton.cpp
  cvarslider.cpp
  cvartextentry.cpp
  cvartogglecheckbutton.cpp
  gameconsole.cpp
  gameconsoledialog.cpp
  gameui_interface.cpp
  gameui_util.cpp
  keytogglecheckbutton.cpp
  labeledcommandcombobox.cpp
  loadingdialog.cpp
  loadingtippanel.cpp
  logofile.cpp
  modinfo.cpp
  mousemessageforwardingpanel.cpp
  multiplayeradvanceddialog.cpp
  optionsdialog.cpp
  optionssubaudio.cpp
  optionssubdifficulty.cpp
  optionssubgame.cpp
  optionssubkeyboard.cpp
  optionssubmouse.cpp
  optionssubmultiplayer.cpp
  optionssubportal.cpp
  optionssubvideo.cpp
  optionssubvoice.cpp
  panellistpanel.cpp
  playerlistdialog.cpp
  rungameengine.cpp
  scriptobject.cpp
  sys_utils.cpp
  textentrybox.cpp
  urlbutton.cpp
  vcontrolslistpanel.cpp
  vguisystemmoduleloader.cpp
  basemodframe.cpp
  basemodpanel.cpp
  gamemodes.cpp
  uiavatarimage.cpp
  uigamedata.cpp
  uigamedata_invite.cpp
  uigamedata_storage.cpp
  vachievements.cpp
  vaddonassociation.cpp
  vaddons.cpp
  vattractscreen.cpp
  vaudio.cpp
  vaudiovideo.cpp
  vcloud.cpp
  vcontrolleroptions.cpp
  vcontrolleroptionsbuttons.cpp
  vcontrolleroptionssticks.cpp
  vcustomcampaigns.cpp
  vdownloadcampaign.cpp
  vdownloads.cpp
  vdropdownmenu.cpp
  vflyoutmenu.cpp
  vfooterpanel.cpp
  vfoundgames.cpp
  vfoundgroupgames.cpp
  vfoundpublicgames.cpp
  vgamelobby.cpp
  vgamelobbychat.cpp
  vgameoptions.cpp
  vgamesettings.cpp
  vgenericconfirmation.cpp
  vgenericpanellist.cpp
  vgenericwaitscreen.cpp
  vgetlegacydata.cpp
  vhybridbutton.cpp
  vingamechapterselect.cpp
  vingamedifficultyselect.cpp
  vingamekickplayerlist.cpp
  vingamemainmenu.cpp
  vjukebox.cpp
  vkeyboard.cpp
  vkeyboardmouse.cpp
  vleaderboard.cpp
  vloadingprogress.cpp
  vmainmenu.cpp
  vmenubackground.cpp
  vmultiplayer.cpp
  voptions.cpp
  vpasswordentry.cpp
  vquickjoin.cpp
  vquickjoingroups.cpp
  vsignindialog.cpp
  vslidercontrol.cpp
  vspinnercontrol.cpp
  vsteamcloudconfirmation.cpp
  vtransitionscreen.cpp
  vvideo.cpp
  vvoteoptions.cpp
     Creating library .\Debug_mod_swarm\\client.lib and object .\Debug_mod_swarm\\client.exp
  client_swarm.vcxproj -> D:\GitHub\better_swarm_sdk\src\game\client\.\Debug_mod_swarm\client.dll
          1 file(s) copied.
          1 file(s) copied.
